0 info it worked if it ends with ok
1 verbose cli [ 'D:\\nodejs\\node.exe',
1 verbose cli   'D:\\nodejs\\node_modules\\npm\\bin\\npm-cli.js',
1 verbose cli   'i',
1 verbose cli   '@type/reflect-metadata',
1 verbose cli   '--save' ]
2 info using npm@3.10.10
3 info using node@v7.3.0
4 silly loadCurrentTree Starting
5 silly install loadCurrentTree
6 silly install readLocalPackageData
7 silly fetchPackageMetaData @type/reflect-metadata
8 silly fetchNamedPackageData @type/reflect-metadata
9 silly mapToRegistry name @type/reflect-metadata
10 silly mapToRegistry scope (from package name) @type
11 verbose mapToRegistry no registry URL found in name for scope @type
12 silly mapToRegistry using default registry
13 silly mapToRegistry registry http://registry.npm.taobao.org/
14 silly mapToRegistry data Result {
14 silly mapToRegistry   raw: '@type/reflect-metadata',
14 silly mapToRegistry   scope: '@type',
14 silly mapToRegistry   escapedName: '@type%2freflect-metadata',
14 silly mapToRegistry   name: '@type/reflect-metadata',
14 silly mapToRegistry   rawSpec: '',
14 silly mapToRegistry   spec: 'latest',
14 silly mapToRegistry   type: 'tag' }
15 silly mapToRegistry uri http://registry.npm.taobao.org/@type%2freflect-metadata
16 verbose request uri http://registry.npm.taobao.org/@type%2freflect-metadata
17 verbose request no auth needed
18 info attempt registry request try #1 at 21:34:03
19 verbose request id e786092b64e57c3b
20 http request GET http://registry.npm.taobao.org/@type%2freflect-metadata
21 http 404 http://registry.npm.taobao.org/@type%2freflect-metadata
22 verbose headers { 'content-type': 'application/json',
22 verbose headers   'cache-control': 'max-age=0',
22 verbose headers   'content-length': '21',
22 verbose headers   'accept-ranges': 'bytes',
22 verbose headers   date: 'Thu, 12 Jan 2017 13:34:02 GMT',
22 verbose headers   via: '1.1 varnish',
22 verbose headers   age: '0',
22 verbose headers   connection: 'close',
22 verbose headers   'x-served-by': 'cache-nrt6123-NRT',
22 verbose headers   'x-cache': 'MISS',
22 verbose headers   'x-cache-hits': '0',
22 verbose headers   'x-timer': 'S1484228042.068258,VS0,VE593' }
23 silly get cb [ 404,
23 silly get   { 'content-type': 'application/json',
23 silly get     'cache-control': 'max-age=0',
23 silly get     'content-length': '21',
23 silly get     'accept-ranges': 'bytes',
23 silly get     date: 'Thu, 12 Jan 2017 13:34:02 GMT',
23 silly get     via: '1.1 varnish',
23 silly get     age: '0',
23 silly get     connection: 'close',
23 silly get     'x-served-by': 'cache-nrt6123-NRT',
23 silly get     'x-cache': 'MISS',
23 silly get     'x-cache-hits': '0',
23 silly get     'x-timer': 'S1484228042.068258,VS0,VE593' } ]
24 silly fetchPackageMetaData Error: Not found : @type/reflect-metadata
24 silly fetchPackageMetaData     at makeError (D:\nodejs\node_modules\npm\node_modules\npm-registry-client\lib\request.js:302:12)
24 silly fetchPackageMetaData     at CachingRegistryClient.<anonymous> (D:\nodejs\node_modules\npm\node_modules\npm-registry-client\lib\request.js:290:14)
24 silly fetchPackageMetaData     at Request._callback (D:\nodejs\node_modules\npm\node_modules\npm-registry-client\lib\request.js:210:14)
24 silly fetchPackageMetaData     at Request.self.callback (D:\nodejs\node_modules\npm\node_modules\request\request.js:187:22)
24 silly fetchPackageMetaData     at emitTwo (events.js:106:13)
24 silly fetchPackageMetaData     at Request.emit (events.js:191:7)
24 silly fetchPackageMetaData     at Request.<anonymous> (D:\nodejs\node_modules\npm\node_modules\request\request.js:1048:10)
24 silly fetchPackageMetaData     at emitOne (events.js:96:13)
24 silly fetchPackageMetaData     at Request.emit (events.js:188:7)
24 silly fetchPackageMetaData     at IncomingMessage.<anonymous> (D:\nodejs\node_modules\npm\node_modules\request\request.js:969:12)
24 silly fetchPackageMetaData  error for @type/reflect-metadata { Error: Not found : @type/reflect-metadata
24 silly fetchPackageMetaData     at makeError (D:\nodejs\node_modules\npm\node_modules\npm-registry-client\lib\request.js:302:12)
24 silly fetchPackageMetaData     at CachingRegistryClient.<anonymous> (D:\nodejs\node_modules\npm\node_modules\npm-registry-client\lib\request.js:290:14)
24 silly fetchPackageMetaData     at Request._callback (D:\nodejs\node_modules\npm\node_modules\npm-registry-client\lib\request.js:210:14)
24 silly fetchPackageMetaData     at Request.self.callback (D:\nodejs\node_modules\npm\node_modules\request\request.js:187:22)
24 silly fetchPackageMetaData     at emitTwo (events.js:106:13)
24 silly fetchPackageMetaData     at Request.emit (events.js:191:7)
24 silly fetchPackageMetaData     at Request.<anonymous> (D:\nodejs\node_modules\npm\node_modules\request\request.js:1048:10)
24 silly fetchPackageMetaData     at emitOne (events.js:96:13)
24 silly fetchPackageMetaData     at Request.emit (events.js:188:7)
24 silly fetchPackageMetaData     at IncomingMessage.<anonymous> (D:\nodejs\node_modules\npm\node_modules\request\request.js:969:12)
24 silly fetchPackageMetaData   pkgid: '@type/reflect-metadata',
24 silly fetchPackageMetaData   statusCode: 404,
24 silly fetchPackageMetaData   code: 'E404' }
25 silly rollbackFailedOptional Starting
26 silly rollbackFailedOptional Finishing
27 silly runTopLevelLifecycles Finishing
28 silly install printInstalled
29 verbose stack Error: Not found : @type/reflect-metadata
29 verbose stack     at makeError (D:\nodejs\node_modules\npm\node_modules\npm-registry-client\lib\request.js:302:12)
29 verbose stack     at CachingRegistryClient.<anonymous> (D:\nodejs\node_modules\npm\node_modules\npm-registry-client\lib\request.js:290:14)
29 verbose stack     at Request._callback (D:\nodejs\node_modules\npm\node_modules\npm-registry-client\lib\request.js:210:14)
29 verbose stack     at Request.self.callback (D:\nodejs\node_modules\npm\node_modules\request\request.js:187:22)
29 verbose stack     at emitTwo (events.js:106:13)
29 verbose stack     at Request.emit (events.js:191:7)
29 verbose stack     at Request.<anonymous> (D:\nodejs\node_modules\npm\node_modules\request\request.js:1048:10)
29 verbose stack     at emitOne (events.js:96:13)
29 verbose stack     at Request.emit (events.js:188:7)
29 verbose stack     at IncomingMessage.<anonymous> (D:\nodejs\node_modules\npm\node_modules\request\request.js:969:12)
30 verbose statusCode 404
31 verbose pkgid @type/reflect-metadata
32 verbose cwd E:\MyWsM\W31\GyWxappCases\master\TypeScript
33 error Windows_NT 6.1.7601
34 error argv "D:\\nodejs\\node.exe" "D:\\nodejs\\node_modules\\npm\\bin\\npm-cli.js" "i" "@type/reflect-metadata" "--save"
35 error node v7.3.0
36 error npm  v3.10.10
37 error code E404
38 error 404 Not found : @type/reflect-metadata
39 error 404
40 error 404 '@type/reflect-metadata' is not in the npm registry.
41 error 404 You should bug the author to publish it (or use the name yourself!)
42 error 404 Note that you can also install from a
43 error 404 tarball, folder, http url, or git url.
44 verbose exit [ 1, true ]
